<?xml version="1.0" encoding="utf-8"?><testsuites name="pytest tests"><testsuite name="pytest" errors="0" failures="0" skipped="0" tests="19" time="8.736" timestamp="2026-04-28T14:42:35.025154+00:00" hostname="agent-env-0f560d14-3202-4900-ad86-28d2c12592a6"><testcase classname="backend.tests.backend_test" name="test_login_invalid" time="0.673" /><testcase classname="backend.tests.backend_test" name="test_auth_me" time="0.560" /><testcase classname="backend.tests.backend_test" name="test_fx_rate" time="0.223" /><testcase classname="backend.tests.backend_test" name="test_quote" time="0.057" /><testcase classname="backend.tests.backend_test" name="test_quote_too_low" time="0.064" /><testcase classname="backend.tests.backend_test" name="test_transfers_stats" time="0.107" /><testcase classname="backend.tests.backend_test" name="test_recipients_seeded" time="0.087" /><testcase classname="backend.tests.backend_test" name="test_transfers_seeded" time="0.071" /><testcase classname="backend.tests.backend_test" name="test_transfers_filter" time="0.077" /><testcase classname="backend.tests.backend_test" name="test_create_recipient_and_transfer_flow" time="0.467" /><testcase classname="backend.tests.backend_test" name="test_transfer_unknown_recipient" time="0.072" /><testcase classname="backend.tests.backend_test" name="test_batch_preview" time="0.067" /><testcase classname="backend.tests.backend_test" name="test_unauthenticated_blocked" time="0.219" /><testcase classname="backend.tests.backend_test" name="test_recipient_duplicate_detection" time="0.393" /><testcase classname="backend.tests.backend_test" name="test_recipient_update_and_collision" time="0.652" /><testcase classname="backend.tests.backend_test" name="test_transfer_has_sui_fields_and_pdf_receipt" time="0.437" /><testcase classname="backend.tests.backend_test" name="test_email_mock_logged_on_transfer_create" time="2.439" /><testcase classname="backend.tests.backend_test" name="test_sms_mock_on_completion_with_mobile" time="1.636" /><testcase classname="backend.tests.backend_test" name="test_receipt_404_for_unknown_transfer" time="0.078" /></testsuite></testsuites>