<?xml version="1.0" encoding="utf-8"?><testsuites name="pytest tests"><testsuite name="pytest" errors="0" failures="0" skipped="0" tests="13" time="2.676" timestamp="2026-04-28T14:19:17.716130+00:00" hostname="agent-env-0f560d14-3202-4900-ad86-28d2c12592a6"><testcase classname="backend.tests.backend_test" name="test_login_invalid" time="0.642" /><testcase classname="backend.tests.backend_test" name="test_auth_me" time="0.543" /><testcase classname="backend.tests.backend_test" name="test_fx_rate" time="0.052" /><testcase classname="backend.tests.backend_test" name="test_quote" time="0.061" /><testcase classname="backend.tests.backend_test" name="test_quote_too_low" time="0.059" /><testcase classname="backend.tests.backend_test" name="test_transfers_stats" time="0.057" /><testcase classname="backend.tests.backend_test" name="test_recipients_seeded" time="0.092" /><testcase classname="backend.tests.backend_test" name="test_transfers_seeded" time="0.068" /><testcase classname="backend.tests.backend_test" name="test_transfers_filter" time="0.058" /><testcase classname="backend.tests.backend_test" name="test_create_recipient_and_transfer_flow" time="0.429" /><testcase classname="backend.tests.backend_test" name="test_transfer_unknown_recipient" time="0.056" /><testcase classname="backend.tests.backend_test" name="test_batch_preview" time="0.056" /><testcase classname="backend.tests.backend_test" name="test_unauthenticated_blocked" time="0.213" /></testsuite></testsuites>